Removed Pin From Net: NetName=VM Pin=C10-1
Removed Pin From Net: NetName=GND Pin=C10-2
Removed Pin From Net: NetName=GND Pin=U5-1
Removed Pin From Net: NetName=GND Pin=U5-2
Removed Pin From Net: NetName=GND Pin=U5-3
Removed Pin From Net: NetName=GL1 Pin=U5-4
Removed Pin From Net: NetName=OUT1 Pin=U5-5
Removed Pin From Net: NetName=OUT1 Pin=U5-6
Removed Pin From Net: NetName=OUT1 Pin=U5-7
Removed Pin From Net: NetName=OUT1 Pin=U5-8
Removed Member From Class: ClassName=H_Bridge1 Member=C10
Removed Member From Class: ClassName=H_Bridge1 Member=U5
Change Component Comment : Designator=C7 Old Comment=470uF New Comment=470uF/35V
Added Component: Designator=C?(CAP_PAN_EEE_G_PAN)
Add component (AddParameter): Name = "Copyright"; Value = "Copyright (C) 2026 Ultra Librarian. All rights reserved."; VariantName = "[No Variations]"
Add component (AddParameter): Name = "Manufacturer_Name"; Value = "Panasonic"; VariantName = "[No Variations]"
Add component (AddParameter): Name = "Manufacturer_Part_Number"; Value = "EEE-HAE471UAP"; VariantName = "[No Variations]"
Add component (AddParameter): Name = "RefDes"; Value = ""; VariantName = "[No Variations]"
Add component (AddParameter): Name = "Type"; Value = ""; VariantName = "[No Variations]"
Added Component: Designator=U?(DNK8)
Add component (AddParameter): Name = "Copyright"; Value = "Copyright (C) 2025 Ultra Librarian. All rights reserved."; VariantName = "[No Variations]"
Add component (AddParameter): Name = "Manufacturer_Name"; Value = "Texas Instruments"; VariantName = "[No Variations]"
Add component (AddParameter): Name = "Manufacturer_Part_Number"; Value = "CSD18532Q5B"; VariantName = "[No Variations]"
Add component (AddParameter): Name = "RefDes"; Value = "RefDes"; VariantName = "[No Variations]"
Add component (AddParameter): Name = "Type"; Value = "Type"; VariantName = "[No Variations]"
Added Pin To Net: NetName=VM Pin=C?-1
Added Pin To Net: NetName=GND Pin=C?-2
Added Pin To Net: NetName=GND Pin=U?-1
Added Pin To Net: NetName=GND Pin=U?-2
Added Pin To Net: NetName=GND Pin=U?-3
Added Pin To Net: NetName=GL1 Pin=U?-4
Added Pin To Net: NetName=OUT1 Pin=U?-5
Added Pin To Net: NetName=OUT1 Pin=U?-6
Added Pin To Net: NetName=OUT1 Pin=U?-7
Added Pin To Net: NetName=OUT1 Pin=U?-8
Added Member To Class: ClassName=H_Bridge1 Member=Component C? 470uF/35V
Added Member To Class: ClassName=H_Bridge1 Member=Component U? CSD18532Q5B
