Added Component: Designator=C7(CAP_EEEHAE471UAP)
Add component (AddParameter): Name = "Check_prices"; Value = "https://www.snapeda.com/parts/EEE-HAE471UAP/Panasonic+Electronic+Components/view-part/?ref=eda"; VariantName = "[No Variations]"
Add component (AddParameter): Name = "MF"; Value = "Panasonic Electronic"; VariantName = "[No Variations]"
Add component (AddParameter): Name = "MP"; Value = "EEE-HAE471UAP"; VariantName = "[No Variations]"
Add component (AddParameter): Name = "Package"; Value = "RADIAL-2 Panasonic"; VariantName = "[No Variations]"
Add component (AddParameter): Name = "SnapEDA_Link"; Value = "https://www.snapeda.com/parts/EEE-HAE471UAP/Panasonic+Electronic+Components/view-part/?ref=snap"; VariantName = "[No Variations]"
Add component (AddParameter): Name = "Value"; Value = ""; VariantName = "[No Variations]"
Added Component: Designator=C10(CAP_EEEHAE471UAP)
Add component (AddParameter): Name = "Check_prices"; Value = "https://www.snapeda.com/parts/EEE-HAE471UAP/Panasonic+Electronic+Components/view-part/?ref=eda"; VariantName = "[No Variations]"
Add component (AddParameter): Name = "MF"; Value = "Panasonic Electronic"; VariantName = "[No Variations]"
Add component (AddParameter): Name = "MP"; Value = "EEE-HAE471UAP"; VariantName = "[No Variations]"
Add component (AddParameter): Name = "Package"; Value = "RADIAL-2 Panasonic"; VariantName = "[No Variations]"
Add component (AddParameter): Name = "SnapEDA_Link"; Value = "https://www.snapeda.com/parts/EEE-HAE471UAP/Panasonic+Electronic+Components/view-part/?ref=snap"; VariantName = "[No Variations]"
Add component (AddParameter): Name = "Value"; Value = ""; VariantName = "[No Variations]"
Added Component: Designator=U2(DNK8)
Add component (AddParameter): Name = "Copyright"; Value = "Copyright (C) 2025 Ultra Librarian. All rights reserved."; VariantName = "[No Variations]"
Add component (AddParameter): Name = "Manufacturer_Name"; Value = "Texas Instruments"; VariantName = "[No Variations]"
Add component (AddParameter): Name = "Manufacturer_Part_Number"; Value = "CSD18532Q5B"; VariantName = "[No Variations]"
Add component (AddParameter): Name = "RefDes"; Value = "RefDes"; VariantName = "[No Variations]"
Add component (AddParameter): Name = "Type"; Value = "Type"; VariantName = "[No Variations]"
Added Component: Designator=U3(DNK8)
Add component (AddParameter): Name = "Copyright"; Value = "Copyright (C) 2025 Ultra Librarian. All rights reserved."; VariantName = "[No Variations]"
Add component (AddParameter): Name = "Manufacturer_Name"; Value = "Texas Instruments"; VariantName = "[No Variations]"
Add component (AddParameter): Name = "Manufacturer_Part_Number"; Value = "CSD18532Q5B"; VariantName = "[No Variations]"
Add component (AddParameter): Name = "RefDes"; Value = "RefDes"; VariantName = "[No Variations]"
Add component (AddParameter): Name = "Type"; Value = "Type"; VariantName = "[No Variations]"
Added Component: Designator=U4(DNK8)
Add component (AddParameter): Name = "Copyright"; Value = "Copyright (C) 2025 Ultra Librarian. All rights reserved."; VariantName = "[No Variations]"
Add component (AddParameter): Name = "Manufacturer_Name"; Value = "Texas Instruments"; VariantName = "[No Variations]"
Add component (AddParameter): Name = "Manufacturer_Part_Number"; Value = "CSD18532Q5B"; VariantName = "[No Variations]"
Add component (AddParameter): Name = "RefDes"; Value = "RefDes"; VariantName = "[No Variations]"
Add component (AddParameter): Name = "Type"; Value = "Type"; VariantName = "[No Variations]"
Added Component: Designator=U5(DNK8)
Add component (AddParameter): Name = "Copyright"; Value = "Copyright (C) 2025 Ultra Librarian. All rights reserved."; VariantName = "[No Variations]"
Add component (AddParameter): Name = "Manufacturer_Name"; Value = "Texas Instruments"; VariantName = "[No Variations]"
Add component (AddParameter): Name = "Manufacturer_Part_Number"; Value = "CSD18532Q5B"; VariantName = "[No Variations]"
Add component (AddParameter): Name = "RefDes"; Value = "RefDes"; VariantName = "[No Variations]"
Add component (AddParameter): Name = "Type"; Value = "Type"; VariantName = "[No Variations]"
Added Pin To Net: NetName=VM Pin=C7-1
Added Pin To Net: NetName=GND Pin=C7-2
Added Pin To Net: NetName=VM Pin=C10-1
Added Pin To Net: NetName=GND Pin=C10-2
Added Pin To Net: NetName=OUT2 Pin=U2-1
Added Pin To Net: NetName=OUT2 Pin=U2-2
Added Pin To Net: NetName=OUT2 Pin=U2-3
Added Pin To Net: NetName=GH2 Pin=U2-4
Added Pin To Net: NetName=VM Pin=U2-5
Added Pin To Net: NetName=VM Pin=U2-6
Added Pin To Net: NetName=VM Pin=U2-7
Added Pin To Net: NetName=VM Pin=U2-8
Added Pin To Net: NetName=OUT1 Pin=U3-1
Added Pin To Net: NetName=OUT1 Pin=U3-2
Added Pin To Net: NetName=OUT1 Pin=U3-3
Added Pin To Net: NetName=GH1 Pin=U3-4
Added Pin To Net: NetName=VM Pin=U3-5
Added Pin To Net: NetName=VM Pin=U3-6
Added Pin To Net: NetName=VM Pin=U3-7
Added Pin To Net: NetName=VM Pin=U3-8
Added Pin To Net: NetName=GND Pin=U4-1
Added Pin To Net: NetName=GND Pin=U4-2
Added Pin To Net: NetName=GND Pin=U4-3
Added Pin To Net: NetName=GL1 Pin=U4-4
Added Pin To Net: NetName=OUT1 Pin=U4-5
Added Pin To Net: NetName=OUT1 Pin=U4-6
Added Pin To Net: NetName=OUT1 Pin=U4-7
Added Pin To Net: NetName=OUT1 Pin=U4-8
Added Pin To Net: NetName=GND Pin=U5-1
Added Pin To Net: NetName=GND Pin=U5-2
Added Pin To Net: NetName=GND Pin=U5-3
Added Pin To Net: NetName=GL2 Pin=U5-4
Added Pin To Net: NetName=OUT2 Pin=U5-5
Added Pin To Net: NetName=OUT2 Pin=U5-6
Added Pin To Net: NetName=OUT2 Pin=U5-7
Added Pin To Net: NetName=OUT2 Pin=U5-8
Added Member To Class: ClassName=H_Bridge1 Member=Component C7 470uF/35V
Added Member To Class: ClassName=H_Bridge1 Member=Component C10 470uF/35V
Added Member To Class: ClassName=H_Bridge1 Member=Component U2 CSD18532Q5B
Added Member To Class: ClassName=H_Bridge1 Member=Component U3 CSD18532Q5B
Added Member To Class: ClassName=H_Bridge1 Member=Component U4 CSD18532Q5B
Added Member To Class: ClassName=H_Bridge1 Member=Component U5 CSD18532Q5B
